# JRE version: Java(TM) SE Runtime Environment (8.0_20-b11) (build 1.8.0_20-ea-b11)
# Java VM: Java HotSpot(TM) 64-Bit Server VM (25.20-b10 mixed mode linux-amd64 compressed oops)
Heap:
 PSYoungGen      total 87552K, used 0K [0x00000000f6580000, 0x00000000ff300000, 0x0000000100000000)
  eden space 34816K, 0% used [0x00000000f6580000,0x00000000f6580000,0x00000000f8780000)
  from space 52736K, 0% used [0x00000000f8780000,0x00000000f8780000,0x00000000fbb00000)
  to   space 52224K, 0% used [0x00000000fc000000,0x00000000fc000000,0x00000000ff300000)
 ParOldGen       total 264704K, used 259021K [0x00000000e3000000, 0x00000000f3280000, 0x00000000f6580000)
  object space 264704K, 97% used [0x00000000e3000000,0x00000000f2cf35b0,0x00000000f3280000)
 Metaspace       used 3171K, capacity 4490K, committed 4864K, reserved 1056768K
  class space    used 359K, capacity 386K, committed 512K, reserved 1048576K
GC Heap History (10 events):
Event: 11,063 GC heap after
Heap after GC invocations=41 (full 9):
 PSYoungGen      total 82432K, used 45880K [0x00000000f6580000, 0x00000000fec80000, 0x0000000100000000)
  eden space 30720K, 0% used [0x00000000f6580000,0x00000000f6580000,0x00000000f8380000)
  from space 51712K, 88% used [0x00000000fb700000,0x00000000fe3ce200,0x00000000fe980000)
  to   space 52736K, 0% used [0x00000000f8380000,0x00000000f8380000,0x00000000fb700000)
 ParOldGen       total 215040K, used 178609K [0x00000000e3000000, 0x00000000f0200000, 0x00000000f6580000)
  object space 215040K, 83% used [0x00000000e3000000,0x00000000ede6c430,0x00000000f0200000)
 Metaspace       used 3171K, capacity 4490K, committed 4864K, reserved 1056768K
  class space    used 359K, capacity 386K, committed 512K, reserved 1048576K
}
Event: 11,082 GC heap before
{Heap before GC invocations=42 (full 9):
 PSYoungGen      total 82432K, used 76600K [0x00000000f6580000, 0x00000000fec80000, 0x0000000100000000)
  eden space 30720K, 100% used [0x00000000f6580000,0x00000000f8380000,0x00000000f8380000)
  from space 51712K, 88% used [0x00000000fb700000,0x00000000fe3ce200,0x00000000fe980000)
  to   space 52736K, 0% used [0x00000000f8380000,0x00000000f8380000,0x00000000fb700000)
 ParOldGen       total 215040K, used 178609K [0x00000000e3000000, 0x00000000f0200000, 0x00000000f6580000)
  object space 215040K, 83% used [0x00000000e3000000,0x00000000ede6c430,0x00000000f0200000)
 Metaspace       used 3171K, capacity 4490K, committed 4864K, reserved 1056768K
  class space    used 359K, capacity 386K, committed 512K, reserved 1048576K
Event: 12,999 GC heap after
Heap after GC invocations=42 (full 9):
 PSYoungGen      total 83456K, used 27520K [0x00000000f6580000, 0x00000000fef80000, 0x0000000100000000)
  eden space 30720K, 0% used [0x00000000f6580000,0x00000000f6580000,0x00000000f8380000)
  from space 52736K, 52% used [0x00000000f8380000,0x00000000f9e60000,0x00000000fb700000)
  to   space 52736K, 0% used [0x00000000fbc00000,0x00000000fbc00000,0x00000000fef80000)
 ParOldGen       total 215040K, used 211505K [0x00000000e3000000, 0x00000000f0200000, 0x00000000f6580000)
  object space 215040K, 98% used [0x00000000e3000000,0x00000000efe8c630,0x00000000f0200000)
 Metaspace       used 3171K, capacity 4490K, committed 4864K, reserved 1056768K
  class space    used 359K, capacity 386K, committed 512K, reserved 1048576K
}
Event: 12,999 GC heap before
{Heap before GC invocations=43 (full 10):
 PSYoungGen      total 83456K, used 27520K [0x00000000f6580000, 0x00000000fef80000, 0x0000000100000000)
  eden space 30720K, 0% used [0x00000000f6580000,0x00000000f6580000,0x00000000f8380000)
  from space 52736K, 52% used [0x00000000f8380000,0x00000000f9e60000,0x00000000fb700000)
  to   space 52736K, 0% used [0x00000000fbc00000,0x00000000fbc00000,0x00000000fef80000)
 ParOldGen       total 215040K, used 211505K [0x00000000e3000000, 0x00000000f0200000, 0x00000000f6580000)
  object space 215040K, 98% used [0x00000000e3000000,0x00000000efe8c630,0x00000000f0200000)
 Metaspace       used 3171K, capacity 4490K, committed 4864K, reserved 1056768K
  class space    used 359K, capacity 386K, committed 512K, reserved 1048576K
Event: 14,080 GC heap after
Heap after GC invocations=43 (full 10):
 PSYoungGen      total 83456K, used 13144K [0x00000000f6580000, 0x00000000fef80000, 0x0000000100000000)
  eden space 30720K, 0% used [0x00000000f6580000,0x00000000f6580000,0x00000000f8380000)
  from space 52736K, 24% used [0x00000000f8380000,0x00000000f9056328,0x00000000fb700000)
  to   space 52736K, 0% used [0x00000000fbc00000,0x00000000fbc00000,0x00000000fef80000)
 ParOldGen       total 264704K, used 215036K [0x00000000e3000000, 0x00000000f3280000, 0x00000000f6580000)
  object space 264704K, 81% used [0x00000000e3000000,0x00000000f01ff018,0x00000000f3280000)
 Metaspace       used 3171K, capacity 4490K, committed 4864K, reserved 1056768K
  class space    used 359K, capacity 386K, committed 512K, reserved 1048576K
}
Event: 14,109 GC heap before
{Heap before GC invocations=44 (full 10):
 PSYoungGen      total 83456K, used 43864K [0x00000000f6580000, 0x00000000fef80000, 0x0000000100000000)
  eden space 30720K, 100% used [0x00000000f6580000,0x00000000f8380000,0x00000000f8380000)
  from space 52736K, 24% used [0x00000000f8380000,0x00000000f9056328,0x00000000fb700000)
  to   space 52736K, 0% used [0x00000000fbc00000,0x00000000fbc00000,0x00000000fef80000)
 ParOldGen       total 264704K, used 215036K [0x00000000e3000000, 0x00000000f3280000, 0x00000000f6580000)
  object space 264704K, 81% used [0x00000000e3000000,0x00000000f01ff018,0x00000000f3280000)
 Metaspace       used 3171K, capacity 4490K, committed 4864K, reserved 1056768K
  class space    used 359K, capacity 386K, committed 512K, reserved 1048576K
Event: 14,216 GC heap after
Heap after GC invocations=44 (full 10):
 PSYoungGen      total 86528K, used 14528K [0x00000000f6580000, 0x00000000fee80000, 0x0000000100000000)
  eden space 34816K, 0% used [0x00000000f6580000,0x00000000f6580000,0x00000000f8780000)
  from space 51712K, 28% used [0x00000000fbc00000,0x00000000fca30000,0x00000000fee80000)
  to   space 52736K, 0% used [0x00000000f8780000,0x00000000f8780000,0x00000000fbb00000)
 ParOldGen       total 264704K, used 228244K [0x00000000e3000000, 0x00000000f3280000, 0x00000000f6580000)
  object space 264704K, 86% used [0x00000000e3000000,0x00000000f0ee5018,0x00000000f3280000)
 Metaspace       used 3171K, capacity 4490K, committed 4864K, reserved 1056768K
  class space    used 359K, capacity 386K, committed 512K, reserved 1048576K
}
Event: 14,236 GC heap before
{Heap before GC invocations=45 (full 10):
 PSYoungGen      total 86528K, used 49344K [0x00000000f6580000, 0x00000000fee80000, 0x0000000100000000)
  eden space 34816K, 100% used [0x00000000f6580000,0x00000000f8780000,0x00000000f8780000)
  from space 51712K, 28% used [0x00000000fbc00000,0x00000000fca30000,0x00000000fee80000)
  to   space 52736K, 0% used [0x00000000f8780000,0x00000000f8780000,0x00000000fbb00000)
 ParOldGen       total 264704K, used 228244K [0x00000000e3000000, 0x00000000f3280000, 0x00000000f6580000)
  object space 264704K, 86% used [0x00000000e3000000,0x00000000f0ee5018,0x00000000f3280000)
 Metaspace       used 3171K, capacity 4490K, committed 4864K, reserved 1056768K
  class space    used 359K, capacity 386K, committed 512K, reserved 1048576K
Event: 14,328 GC heap after
Heap after GC invocations=45 (full 10):
 PSYoungGen      total 87552K, used 16448K [0x00000000f6580000, 0x00000000ff300000, 0x0000000100000000)
  eden space 34816K, 0% used [0x00000000f6580000,0x00000000f6580000,0x00000000f8780000)
  from space 52736K, 31% used [0x00000000f8780000,0x00000000f9790000,0x00000000fbb00000)
  to   space 52224K, 0% used [0x00000000fc000000,0x00000000fc000000,0x00000000ff300000)
 ParOldGen       total 264704K, used 242772K [0x00000000e3000000, 0x00000000f3280000, 0x00000000f6580000)
  object space 264704K, 91% used [0x00000000e3000000,0x00000000f1d15018,0x00000000f3280000)
 Metaspace       used 3171K, capacity 4490K, committed 4864K, reserved 1056768K
  class space    used 359K, capacity 386K, committed 512K, reserved 1048576K
}
Event: 14,328 GC heap before
{Heap before GC invocations=46 (full 11):
 PSYoungGen      total 87552K, used 16448K [0x00000000f6580000, 0x00000000ff300000, 0x0000000100000000)
  eden space 34816K, 0% used [0x00000000f6580000,0x00000000f6580000,0x00000000f8780000)
  from space 52736K, 31% used [0x00000000f8780000,0x00000000f9790000,0x00000000fbb00000)
  to   space 52224K, 0% used [0x00000000fc000000,0x00000000fc000000,0x00000000ff300000)
 ParOldGen       total 264704K, used 242772K [0x00000000e3000000, 0x00000000f3280000, 0x00000000f6580000)
  object space 264704K, 91% used [0x00000000e3000000,0x00000000f1d15018,0x00000000f3280000)
 Metaspace       used 3171K, capacity 4490K, committed 4864K, reserved 1056768K
  class space    used 359K, capacity 386K, committed 512K, reserved 1048576K

