# JRE version: Java(TM) SE Runtime Environment (8.0_20-b11) (build 1.8.0_20-ea-b11)
# Java VM: Java HotSpot(TM) 64-Bit Server VM (25.20-b10 mixed mode linux-amd64 compressed oops)
Heap:
 PSYoungGen      total 95232K, used 0K [0x00000000f6580000, 0x00000000ff780000, 0x0000000100000000)
  eden space 42496K, 0% used [0x00000000f6580000,0x00000000f6580000,0x00000000f8f00000)
  from space 52736K, 0% used [0x00000000fc280000,0x00000000fc280000,0x00000000ff600000)
  to   space 52736K, 0% used [0x00000000f8f00000,0x00000000f8f00000,0x00000000fc280000)
 ParOldGen       total 265216K, used 256851K [0x00000000e3000000, 0x00000000f3300000, 0x00000000f6580000)
  object space 265216K, 96% used [0x00000000e3000000,0x00000000f2ad4d08,0x00000000f3300000)
 Metaspace       used 3175K, capacity 4490K, committed 4864K, reserved 1056768K
  class space    used 359K, capacity 386K, committed 512K, reserved 1048576K
GC Heap History (10 events):
Event: 10,807 GC heap after
Heap after GC invocations=38 (full 9):
 PSYoungGen      total 86528K, used 37878K [0x00000000f6580000, 0x00000000ff300000, 0x0000000100000000)
  eden space 33792K, 0% used [0x00000000f6580000,0x00000000f6580000,0x00000000f8680000)
  from space 52736K, 71% used [0x00000000f8680000,0x00000000fab7da00,0x00000000fba00000)
  to   space 52736K, 0% used [0x00000000fbf80000,0x00000000fbf80000,0x00000000ff300000)
 ParOldGen       total 209920K, used 166929K [0x00000000e3000000, 0x00000000efd00000, 0x00000000f6580000)
  object space 209920K, 79% used [0x00000000e3000000,0x00000000ed304728,0x00000000efd00000)
 Metaspace       used 3175K, capacity 4490K, committed 4864K, reserved 1056768K
  class space    used 359K, capacity 386K, committed 512K, reserved 1048576K
}
Event: 10,839 GC heap before
{Heap before GC invocations=39 (full 9):
 PSYoungGen      total 86528K, used 71670K [0x00000000f6580000, 0x00000000ff300000, 0x0000000100000000)
  eden space 33792K, 100% used [0x00000000f6580000,0x00000000f8680000,0x00000000f8680000)
  from space 52736K, 71% used [0x00000000f8680000,0x00000000fab7da00,0x00000000fba00000)
  to   space 52736K, 0% used [0x00000000fbf80000,0x00000000fbf80000,0x00000000ff300000)
 ParOldGen       total 209920K, used 166929K [0x00000000e3000000, 0x00000000efd00000, 0x00000000f6580000)
  object space 209920K, 79% used [0x00000000e3000000,0x00000000ed304728,0x00000000efd00000)
 Metaspace       used 3175K, capacity 4490K, committed 4864K, reserved 1056768K
  class space    used 359K, capacity 386K, committed 512K, reserved 1048576K
Event: 11,194 GC heap after
Heap after GC invocations=39 (full 9):
 PSYoungGen      total 90112K, used 15936K [0x00000000f6580000, 0x00000000ff200000, 0x0000000100000000)
  eden space 38400K, 0% used [0x00000000f6580000,0x00000000f6580000,0x00000000f8b00000)
  from space 51712K, 30% used [0x00000000fbf80000,0x00000000fcf10000,0x00000000ff200000)
  to   space 52736K, 0% used [0x00000000f8b00000,0x00000000f8b00000,0x00000000fbe80000)
 ParOldGen       total 209920K, used 204906K [0x00000000e3000000, 0x00000000efd00000, 0x00000000f6580000)
  object space 209920K, 97% used [0x00000000e3000000,0x00000000ef81a928,0x00000000efd00000)
 Metaspace       used 3175K, capacity 4490K, committed 4864K, reserved 1056768K
  class space    used 359K, capacity 386K, committed 512K, reserved 1048576K
}
Event: 11,194 GC heap before
{Heap before GC invocations=40 (full 10):
 PSYoungGen      total 90112K, used 15936K [0x00000000f6580000, 0x00000000ff200000, 0x0000000100000000)
  eden space 38400K, 0% used [0x00000000f6580000,0x00000000f6580000,0x00000000f8b00000)
  from space 51712K, 30% used [0x00000000fbf80000,0x00000000fcf10000,0x00000000ff200000)
  to   space 52736K, 0% used [0x00000000f8b00000,0x00000000f8b00000,0x00000000fbe80000)
 ParOldGen       total 209920K, used 204906K [0x00000000e3000000, 0x00000000efd00000, 0x00000000f6580000)
  object space 209920K, 97% used [0x00000000e3000000,0x00000000ef81a928,0x00000000efd00000)
 Metaspace       used 3175K, capacity 4490K, committed 4864K, reserved 1056768K
  class space    used 359K, capacity 386K, committed 512K, reserved 1048576K
Event: 12,713 GC heap after
Heap after GC invocations=40 (full 10):
 PSYoungGen      total 90112K, used 11298K [0x00000000f6580000, 0x00000000ff200000, 0x0000000100000000)
  eden space 38400K, 0% used [0x00000000f6580000,0x00000000f6580000,0x00000000f8b00000)
  from space 51712K, 21% used [0x00000000fbf80000,0x00000000fca88850,0x00000000ff200000)
  to   space 52736K, 0% used [0x00000000f8b00000,0x00000000f8b00000,0x00000000fbe80000)
 ParOldGen       total 265216K, used 209411K [0x00000000e3000000, 0x00000000f3300000, 0x00000000f6580000)
  object space 265216K, 78% used [0x00000000e3000000,0x00000000efc80f30,0x00000000f3300000)
 Metaspace       used 3175K, capacity 4490K, committed 4864K, reserved 1056768K
  class space    used 359K, capacity 386K, committed 512K, reserved 1048576K
}
Event: 12,757 GC heap before
{Heap before GC invocations=41 (full 10):
 PSYoungGen      total 90112K, used 49698K [0x00000000f6580000, 0x00000000ff200000, 0x0000000100000000)
  eden space 38400K, 100% used [0x00000000f6580000,0x00000000f8b00000,0x00000000f8b00000)
  from space 51712K, 21% used [0x00000000fbf80000,0x00000000fca88850,0x00000000ff200000)
  to   space 52736K, 0% used [0x00000000f8b00000,0x00000000f8b00000,0x00000000fbe80000)
 ParOldGen       total 265216K, used 209411K [0x00000000e3000000, 0x00000000f3300000, 0x00000000f6580000)
  object space 265216K, 78% used [0x00000000e3000000,0x00000000efc80f30,0x00000000f3300000)
 Metaspace       used 3175K, capacity 4490K, committed 4864K, reserved 1056768K
  class space    used 359K, capacity 386K, committed 512K, reserved 1048576K
Event: 12,939 GC heap after
Heap after GC invocations=41 (full 10):
 PSYoungGen      total 91136K, used 18144K [0x00000000f6580000, 0x00000000ff600000, 0x0000000100000000)
  eden space 38400K, 0% used [0x00000000f6580000,0x00000000f6580000,0x00000000f8b00000)
  from space 52736K, 34% used [0x00000000f8b00000,0x00000000f9cb8000,0x00000000fbe80000)
  to   space 52736K, 0% used [0x00000000fc280000,0x00000000fc280000,0x00000000ff600000)
 ParOldGen       total 265216K, used 220763K [0x00000000e3000000, 0x00000000f3300000, 0x00000000f6580000)
  object space 265216K, 83% used [0x00000000e3000000,0x00000000f0796f30,0x00000000f3300000)
 Metaspace       used 3175K, capacity 4490K, committed 4864K, reserved 1056768K
  class space    used 359K, capacity 386K, committed 512K, reserved 1048576K
}
Event: 12,987 GC heap before
{Heap before GC invocations=42 (full 10):
 PSYoungGen      total 91136K, used 56544K [0x00000000f6580000, 0x00000000ff600000, 0x0000000100000000)
  eden space 38400K, 100% used [0x00000000f6580000,0x00000000f8b00000,0x00000000f8b00000)
  from space 52736K, 34% used [0x00000000f8b00000,0x00000000f9cb8000,0x00000000fbe80000)
  to   space 52736K, 0% used [0x00000000fc280000,0x00000000fc280000,0x00000000ff600000)
 ParOldGen       total 265216K, used 220763K [0x00000000e3000000, 0x00000000f3300000, 0x00000000f6580000)
  object space 265216K, 83% used [0x00000000e3000000,0x00000000f0796f30,0x00000000f3300000)
 Metaspace       used 3175K, capacity 4490K, committed 4864K, reserved 1056768K
  class space    used 359K, capacity 386K, committed 512K, reserved 1048576K
Event: 13,121 GC heap after
Heap after GC invocations=42 (full 10):
 PSYoungGen      total 95232K, used 18144K [0x00000000f6580000, 0x00000000ff780000, 0x0000000100000000)
  eden space 42496K, 0% used [0x00000000f6580000,0x00000000f6580000,0x00000000f8f00000)
  from space 52736K, 34% used [0x00000000fc280000,0x00000000fd438000,0x00000000ff600000)
  to   space 52736K, 0% used [0x00000000f8f00000,0x00000000f8f00000,0x00000000fc280000)
 ParOldGen       total 265216K, used 238915K [0x00000000e3000000, 0x00000000f3300000, 0x00000000f6580000)
  object space 265216K, 90% used [0x00000000e3000000,0x00000000f1950f30,0x00000000f3300000)
 Metaspace       used 3175K, capacity 4490K, committed 4864K, reserved 1056768K
  class space    used 359K, capacity 386K, committed 512K, reserved 1048576K
}
Event: 13,121 GC heap before
{Heap before GC invocations=43 (full 11):
 PSYoungGen      total 95232K, used 18144K [0x00000000f6580000, 0x00000000ff780000, 0x0000000100000000)
  eden space 42496K, 0% used [0x00000000f6580000,0x00000000f6580000,0x00000000f8f00000)
  from space 52736K, 34% used [0x00000000fc280000,0x00000000fd438000,0x00000000ff600000)
  to   space 52736K, 0% used [0x00000000f8f00000,0x00000000f8f00000,0x00000000fc280000)
 ParOldGen       total 265216K, used 238915K [0x00000000e3000000, 0x00000000f3300000, 0x00000000f6580000)
  object space 265216K, 90% used [0x00000000e3000000,0x00000000f1950f30,0x00000000f3300000)
 Metaspace       used 3175K, capacity 4490K, committed 4864K, reserved 1056768K
  class space    used 359K, capacity 386K, committed 512K, reserved 1048576K

