# JRE version: Java(TM) SE Runtime Environment (8.0_20-b11) (build 1.8.0_20-ea-b11)
# Java VM: Java HotSpot(TM) 64-Bit Server VM (25.20-b10 mixed mode linux-amd64 compressed oops)
Heap:
 PSYoungGen      total 93184K, used 0K [0x00000000f6580000, 0x00000000ff500000, 0x0000000100000000)
  eden space 41472K, 0% used [0x00000000f6580000,0x00000000f6580000,0x00000000f8e00000)
  from space 51712K, 0% used [0x00000000fc280000,0x00000000fc280000,0x00000000ff500000)
  to   space 52736K, 0% used [0x00000000f8e00000,0x00000000f8e00000,0x00000000fc180000)
 ParOldGen       total 257536K, used 255165K [0x00000000e3000000, 0x00000000f2b80000, 0x00000000f6580000)
  object space 257536K, 99% used [0x00000000e3000000,0x00000000f292f6f0,0x00000000f2b80000)
 Metaspace       used 3173K, capacity 4490K, committed 4864K, reserved 1056768K
  class space    used 359K, capacity 386K, committed 512K, reserved 1048576K
GC Heap History (10 events):
Event: 16,395 GC heap after
Heap after GC invocations=38 (full 9):
 PSYoungGen      total 86016K, used 37396K [0x00000000f6580000, 0x00000000ff280000, 0x0000000100000000)
  eden space 33280K, 0% used [0x00000000f6580000,0x00000000f6580000,0x00000000f8600000)
  from space 52736K, 70% used [0x00000000f8600000,0x00000000faa851c0,0x00000000fb980000)
  to   space 52736K, 0% used [0x00000000fbf00000,0x00000000fbf00000,0x00000000ff280000)
 ParOldGen       total 206336K, used 166448K [0x00000000e3000000, 0x00000000ef980000, 0x00000000f6580000)
  object space 206336K, 80% used [0x00000000e3000000,0x00000000ed28c1c0,0x00000000ef980000)
 Metaspace       used 3173K, capacity 4490K, committed 4864K, reserved 1056768K
  class space    used 359K, capacity 386K, committed 512K, reserved 1048576K
}
Event: 16,455 GC heap before
{Heap before GC invocations=39 (full 9):
 PSYoungGen      total 86016K, used 70676K [0x00000000f6580000, 0x00000000ff280000, 0x0000000100000000)
  eden space 33280K, 100% used [0x00000000f6580000,0x00000000f8600000,0x00000000f8600000)
  from space 52736K, 70% used [0x00000000f8600000,0x00000000faa851c0,0x00000000fb980000)
  to   space 52736K, 0% used [0x00000000fbf00000,0x00000000fbf00000,0x00000000ff280000)
 ParOldGen       total 206336K, used 166448K [0x00000000e3000000, 0x00000000ef980000, 0x00000000f6580000)
  object space 206336K, 80% used [0x00000000e3000000,0x00000000ed28c1c0,0x00000000ef980000)
 Metaspace       used 3173K, capacity 4490K, committed 4864K, reserved 1056768K
  class space    used 359K, capacity 386K, committed 512K, reserved 1048576K
Event: 16,894 GC heap after
Heap after GC invocations=39 (full 9):
 PSYoungGen      total 89600K, used 15712K [0x00000000f6580000, 0x00000000ff180000, 0x0000000100000000)
  eden space 37888K, 0% used [0x00000000f6580000,0x00000000f6580000,0x00000000f8a80000)
  from space 51712K, 30% used [0x00000000fbf00000,0x00000000fce58000,0x00000000ff180000)
  to   space 52736K, 0% used [0x00000000f8a80000,0x00000000f8a80000,0x00000000fbe00000)
 ParOldGen       total 206336K, used 203936K [0x00000000e3000000, 0x00000000ef980000, 0x00000000f6580000)
  object space 206336K, 98% used [0x00000000e3000000,0x00000000ef7283c0,0x00000000ef980000)
 Metaspace       used 3173K, capacity 4490K, committed 4864K, reserved 1056768K
  class space    used 359K, capacity 386K, committed 512K, reserved 1048576K
}
Event: 19,415 GC heap before
{Heap before GC invocations=40 (full 10):
 PSYoungGen      total 89600K, used 15712K [0x00000000f6580000, 0x00000000ff180000, 0x0000000100000000)
  eden space 37888K, 0% used [0x00000000f6580000,0x00000000f6580000,0x00000000f8a80000)
  from space 51712K, 30% used [0x00000000fbf00000,0x00000000fce58000,0x00000000ff180000)
  to   space 52736K, 0% used [0x00000000f8a80000,0x00000000f8a80000,0x00000000fbe00000)
 ParOldGen       total 206336K, used 203936K [0x00000000e3000000, 0x00000000ef980000, 0x00000000f6580000)
  object space 206336K, 98% used [0x00000000e3000000,0x00000000ef7283c0,0x00000000ef980000)
 Metaspace       used 3173K, capacity 4490K, committed 4864K, reserved 1056768K
  class space    used 359K, capacity 386K, committed 512K, reserved 1048576K
Event: 44,336 GC heap after
Heap after GC invocations=40 (full 10):
 PSYoungGen      total 89600K, used 13615K [0x00000000f6580000, 0x00000000ff180000, 0x0000000100000000)
  eden space 37888K, 0% used [0x00000000f6580000,0x00000000f6580000,0x00000000f8a80000)
  from space 51712K, 26% used [0x00000000fbf00000,0x00000000fcc4bd40,0x00000000ff180000)
  to   space 52736K, 0% used [0x00000000f8a80000,0x00000000f8a80000,0x00000000fbe00000)
 ParOldGen       total 257536K, used 205890K [0x00000000e3000000, 0x00000000f2b80000, 0x00000000f6580000)
  object space 257536K, 79% used [0x00000000e3000000,0x00000000ef910b70,0x00000000f2b80000)
 Metaspace       used 3173K, capacity 4490K, committed 4864K, reserved 1056768K
  class space    used 359K, capacity 386K, committed 512K, reserved 1048576K
}
Event: 59,713 GC heap before
{Heap before GC invocations=41 (full 10):
 PSYoungGen      total 89600K, used 51503K [0x00000000f6580000, 0x00000000ff180000, 0x0000000100000000)
  eden space 37888K, 100% used [0x00000000f6580000,0x00000000f8a80000,0x00000000f8a80000)
  from space 51712K, 26% used [0x00000000fbf00000,0x00000000fcc4bd40,0x00000000ff180000)
  to   space 52736K, 0% used [0x00000000f8a80000,0x00000000f8a80000,0x00000000fbe00000)
 ParOldGen       total 257536K, used 205890K [0x00000000e3000000, 0x00000000f2b80000, 0x00000000f6580000)
  object space 257536K, 79% used [0x00000000e3000000,0x00000000ef910b70,0x00000000f2b80000)
 Metaspace       used 3173K, capacity 4490K, committed 4864K, reserved 1056768K
  class space    used 359K, capacity 386K, committed 512K, reserved 1048576K
Event: 74,284 GC heap after
Heap after GC invocations=41 (full 10):
 PSYoungGen      total 90624K, used 17888K [0x00000000f6580000, 0x00000000ff600000, 0x0000000100000000)
  eden space 37888K, 0% used [0x00000000f6580000,0x00000000f6580000,0x00000000f8a80000)
  from space 52736K, 33% used [0x00000000f8a80000,0x00000000f9bf8000,0x00000000fbe00000)
  to   space 52736K, 0% used [0x00000000fc280000,0x00000000fc280000,0x00000000ff600000)
 ParOldGen       total 257536K, used 219562K [0x00000000e3000000, 0x00000000f2b80000, 0x00000000f6580000)
  object space 257536K, 85% used [0x00000000e3000000,0x00000000f066ab70,0x00000000f2b80000)
 Metaspace       used 3173K, capacity 4490K, committed 4864K, reserved 1056768K
  class space    used 359K, capacity 386K, committed 512K, reserved 1048576K
}
Event: 89,518 GC heap before
{Heap before GC invocations=42 (full 10):
 PSYoungGen      total 90624K, used 55776K [0x00000000f6580000, 0x00000000ff600000, 0x0000000100000000)
  eden space 37888K, 100% used [0x00000000f6580000,0x00000000f8a80000,0x00000000f8a80000)
  from space 52736K, 33% used [0x00000000f8a80000,0x00000000f9bf8000,0x00000000fbe00000)
  to   space 52736K, 0% used [0x00000000fc280000,0x00000000fc280000,0x00000000ff600000)
 ParOldGen       total 257536K, used 219562K [0x00000000e3000000, 0x00000000f2b80000, 0x00000000f6580000)
  object space 257536K, 85% used [0x00000000e3000000,0x00000000f066ab70,0x00000000f2b80000)
 Metaspace       used 3173K, capacity 4490K, committed 4864K, reserved 1056768K
  class space    used 359K, capacity 386K, committed 512K, reserved 1048576K
Event: 91,956 GC heap after
Heap after GC invocations=42 (full 10):
 PSYoungGen      total 93184K, used 17888K [0x00000000f6580000, 0x00000000ff500000, 0x0000000100000000)
  eden space 41472K, 0% used [0x00000000f6580000,0x00000000f6580000,0x00000000f8e00000)
  from space 51712K, 34% used [0x00000000fc280000,0x00000000fd3f8000,0x00000000ff500000)
  to   space 52736K, 0% used [0x00000000f8e00000,0x00000000f8e00000,0x00000000fc180000)
 ParOldGen       total 257536K, used 237466K [0x00000000e3000000, 0x00000000f2b80000, 0x00000000f6580000)
  object space 257536K, 92% used [0x00000000e3000000,0x00000000f17e6b70,0x00000000f2b80000)
 Metaspace       used 3173K, capacity 4490K, committed 4864K, reserved 1056768K
  class space    used 359K, capacity 386K, committed 512K, reserved 1048576K
}
Event: 91,988 GC heap before
{Heap before GC invocations=43 (full 11):
 PSYoungGen      total 93184K, used 17888K [0x00000000f6580000, 0x00000000ff500000, 0x0000000100000000)
  eden space 41472K, 0% used [0x00000000f6580000,0x00000000f6580000,0x00000000f8e00000)
  from space 51712K, 34% used [0x00000000fc280000,0x00000000fd3f8000,0x00000000ff500000)
  to   space 52736K, 0% used [0x00000000f8e00000,0x00000000f8e00000,0x00000000fc180000)
 ParOldGen       total 257536K, used 237466K [0x00000000e3000000, 0x00000000f2b80000, 0x00000000f6580000)
  object space 257536K, 92% used [0x00000000e3000000,0x00000000f17e6b70,0x00000000f2b80000)
 Metaspace       used 3173K, capacity 4490K, committed 4864K, reserved 1056768K
  class space    used 359K, capacity 386K, committed 512K, reserved 1048576K

